f:\visual studio community 2017 project\calctlator\calctlator\debug\vc141.pdb
f:\visual studio community 2017 project\calctlator\calctlator\debug\vc141.idb
f:\visual studio community 2017 project\calctlator\calctlator\debug\calctlator.obj
f:\visual studio community 2017 project\calctlator\calctlator\debug\calctlator.pch
f:\visual studio community 2017 project\calctlator\calctlator\debug\stdafx.obj
f:\visual studio community 2017 project\calctlator\calctlator\debug\nativecodeanalysis.read.1.tlog
f:\visual studio community 2017 project\calctlator\calctlator\debug\calctlator.nativecodeanalysis.xml
f:\visual studio community 2017 project\calctlator\calctlator\debug\stdafx.nativecodeanalysis.xml
f:\visual studio community 2017 project\calctlator\calctlator\debug\vc.nativecodeanalysis.all.xml
f:\visual studio community 2017 project\calctlator\debug\calctlator.pdb
f:\visual studio community 2017 project\calctlator\debug\calctlator.exe.lastcodeanalysissucceeded
f:\visual studio community 2017 project\calctlator\calctlator\debug\calctlator.tlog\cl.command.1.tlog
f:\visual studio community 2017 project\calctlator\calctlator\debug\calctlator.tlog\cl.read.1.tlog
f:\visual studio community 2017 project\calctlator\calctlator\debug\calctlator.tlog\cl.write.1.tlog
f:\visual studio community 2017 project\calctlator\calctlator\debug\calctlator.tlog\link.12948-cvtres.read.1.tlog
f:\visual studio community 2017 project\calctlator\calctlator\debug\calctlator.tlog\link.12948-cvtres.write.1.tlog
f:\visual studio community 2017 project\calctlator\calctlator\debug\calctlator.tlog\link.12948-rc.read.1.tlog
f:\visual studio community 2017 project\calctlator\calctlator\debug\calctlator.tlog\link.12948-rc.write.1.tlog
f:\visual studio community 2017 project\calctlator\calctlator\debug\calctlator.tlog\link.12948.read.1.tlog
f:\visual studio community 2017 project\calctlator\calctlator\debug\calctlator.tlog\link.12948.write.1.tlog
f:\visual studio community 2017 project\calctlator\calctlator\debug\calctlator.tlog\link.command.1.tlog
f:\visual studio community 2017 project\calctlator\calctlator\debug\calctlator.tlog\link.read.1.tlog
f:\visual studio community 2017 project\calctlator\calctlator\debug\calctlator.tlog\link.write.1.tlog
